#
# A fatal error has been detected by the Java Runtime Environment:
#
#  SIGSEGV (0xb) at pc=0x00000001052269b0, pid=5033, tid=8963
#
# JRE version: Java(TM) SE Runtime Environment (8.0_20-b26) (build 1.8.0_20-b26)
# Java VM: Java HotSpot(TM) 64-Bit Server VM (25.20-b23 mixed mode bsd-amd64 compressed oops)
# Problematic frame:
# V  [libjvm.dylib+0x4919b0]
#
# Failed to write core dump. Core dumps have been disabled. To enable core dumping, try "ulimit -c unlimited" before starting Java again
#
# If you would like to submit a bug report, please visit:
#   http://bugreport.sun.com/bugreport/crash.jsp
#

---------------  T H R E A D  ---------------

Current thread (0x00007fe1b100b000):  GCTaskThread [stack: 0x00000001164f9000,0x00000001165f9000] [id=8963]

siginfo: si_signo: 11 (SIGSEGV), si_code: 1 (SEGV_MAPERR), si_addr: 0x000000026804a688

Registers:
RAX=0x0000000105585db0, RBX=0x0000000000000005, RCX=0x0000000200000003, RDX=0x00000007068e88f8
RSP=0x00000001165f8c30, RBP=0x00000001165f8c40, RSI=0x00007fe1b0f0cf10, RDI=0x000000026804a680
R8 =0x00000000000022ec, R9 =0x0000000000000000, R10=0x0000000000010000, R11=0xffffffffceab0900
R12=0x0000000105631330, R13=0x0000000006fc7003, R14=0x00000001165f8cb0, R15=0x0000000006fd0000
RIP=0x00000001052269b0, EFLAGS=0x0000000000010202, ERR=0x0000000000000004
  TRAPNO=0x000000000000000e

Top of Stack: (sp=0x00000001165f8c30)
0x00000001165f8c30:   00000000001bf400 0000000006fd0000
0x00000001165f8c40:   00000001165f8c80 00000001051fed9a
0x00000001165f8c50:   00000001165f8cb0 0000000737e80000
0x00000001165f8c60:   00000000000006fc 00000000000000d1
0x00000001165f8c70:   000000077b3da880 0000000737d80000
0x00000001165f8c80:   00000001165f8d20 0000000105228745
0x00000001165f8c90:   00000000000000d1 0000000000000415
0x00000001165f8ca0:   000000011c801000 00007fe1b0f0cf10
0x00000001165f8cb0:   000000010561c220 0000000105631330
0x00000001165f8cc0:   00007fe1b0f0cf10 0000000000002ee1
0x00000001165f8cd0:   0000000737e37ff8 00007fe1b0c021c0
0x00000001165f8ce0:   00000007068e88f8 000000077b3da880
0x00000001165f8cf0:   00000000165f8d64 00007fe1b0f0cf10
0x00000001165f8d00:   0000000105628506 00000000000000d1
0x00000001165f8d10:   00000001056308d8 00000001165f8d40
0x00000001165f8d20:   00000001165f8d70 00000001052219f9
0x00000001165f8d30:   00007fe1b0c053c0 00000000000000d1
0x00000001165f8d40:   00000001165f8d80 0000000000000001
0x00000001165f8d50:   0000000000000004 00007fe1b0f0cf10
0x00000001165f8d60:   0000000000000004 0000000000000001
0x00000001165f8d70:   00000001165f8db0 0000000105215253
0x00000001165f8d80:   00000001165f8db0 00007fe1b100b000
0x00000001165f8d90:   0000000000000000 0000000105366cd4
0x00000001165f8da0:   00007fe1b3057ac0 0000000000000001
0x00000001165f8db0:   00000001165f8e90 0000000104ff6cad
0x00000001165f8dc0:   00000001165f8df0 00007fe1b0f09650
0x00000001165f8dd0:   00007fe1b0f0a0f0 00007fe1b0f0a100
0x00000001165f8de0:   00007fe1b0f0a4d8 00000000000003d8
0x00000001165f8df0:   00007fe1b100b000 00007fe1b0f09680
0x00000001165f8e00:   00007fe1b0f096b0 00007fe1b0f096c0
0x00000001165f8e10:   00007fe1b0f09798 00000000000000d8
0x00000001165f8e20:   00000001165f8e30 0000000000000000 

Instructions: (pc=0x00000001052269b0)
0x0000000105226990:   00 49 8b 76 10 74 15 48 8d 05 12 f4 35 00 8a 48
0x00000001052269a0:   08 8b 7a 08 48 d3 e7 48 03 38 eb 04 48 8b 7a 08
0x00000001052269b0:   81 7f 08 00 00 00 c0 73 0d 48 8b 07 ff 90 20 01
0x00000001052269c0:   00 00 49 8b 56 30 49 8b 46 18 48 89 c1 48 29 d9 

Register to memory mapping:

RAX=0x0000000105585db0: _ZN8Universe13_narrow_klassE+0 in /Library/Java/JavaVirtualMachines/jdk1.8.0_20.jdk/Contents/Home/jre/lib/server/libjvm.dylib at 0x0000000104d95000
RBX=0x0000000000000005 is an unknown value
RCX=0x0000000200000003 is an unknown value
RDX=
[error occurred during error reporting (printing register info), id 0xb]

Stack: [0x00000001164f9000,0x00000001165f9000],  sp=0x00000001165f8c30,  free space=1023k
Native frames: (J=compiled Java code, j=interpreted, Vv=VM code, C=native code)
V  [libjvm.dylib+0x4919b0]
V  [libjvm.dylib+0x469d9a]
V  [libjvm.dylib+0x493745]
V  [libjvm.dylib+0x48c9f9]
V  [libjvm.dylib+0x480253]
V  [libjvm.dylib+0x261cad]
V  [libjvm.dylib+0x45d35a]
C  [libsystem_pthread.dylib+0x405a]  _pthread_body+0x83
C  [libsystem_pthread.dylib+0x3fd7]  _pthread_body+0x0
C  [libsystem_pthread.dylib+0x13ed]  thread_start+0xd


---------------  P R O C E S S  ---------------

Java Threads: ( => current thread )
  0x00007fe1b2022000 JavaThread "Service Thread" daemon [_thread_blocked, id=17923, stack(0x00000001208ac000,0x00000001209ac000)]
  0x00007fe1b1881800 JavaThread "C1 CompilerThread2" daemon [_thread_blocked, id=17411, stack(0x00000001207a9000,0x00000001208a9000)]
  0x00007fe1b1869000 JavaThread "C2 CompilerThread1" daemon [_thread_blocked, id=16899, stack(0x00000001206a6000,0x00000001207a6000)]
  0x00007fe1b1838000 JavaThread "C2 CompilerThread0" daemon [_thread_blocked, id=16143, stack(0x00000001205a3000,0x00000001206a3000)]
  0x00007fe1b180d000 JavaThread "Signal Dispatcher" daemon [_thread_blocked, id=14095, stack(0x00000001204a0000,0x00000001205a0000)]
  0x00007fe1b182c800 JavaThread "Finalizer" daemon [_thread_blocked, id=11523, stack(0x000000011eb0f000,0x000000011ec0f000)]
  0x00007fe1b281f800 JavaThread "Reference Handler" daemon [_thread_blocked, id=11011, stack(0x000000011ea0c000,0x000000011eb0c000)]
  0x00007fe1b100a000 JavaThread "main" [_thread_blocked, id=4867, stack(0x0000000105cc8000,0x0000000105dc8000)]

Other Threads:
  0x00007fe1b200f800 VMThread [stack: 0x000000011e909000,0x000000011ea09000] [id=10499]
  0x00007fe1b180b800 WatcherThread [stack: 0x00000001209af000,0x0000000120aaf000] [id=18435]

=>0x00007fe1b100b000 (exited) GCTaskThread [stack: 0x00000001164f9000,0x00000001165f9000] [id=8963]

VM state:at safepoint (normal execution)

VM Mutex/Monitor currently owned by a thread:  ([mutex/lock_event])
[0x00007fe1b0e14da0] Threads_lock - owner thread: 0x00007fe1b200f800
[0x00007fe1b0e152a0] Heap_lock - owner thread: 0x00007fe1b100a000

Heap:
 PSYoungGen      total 699392K, used 349176K [0x0000000780000000, 0x00000007c0000000, 0x00000007c0000000)
  eden space 350208K, 0% used [0x0000000780000000,0x0000000780000000,0x0000000795600000)
  from space 349184K, 99% used [0x00000007aab00000,0x00000007bfffe048,0x00000007c0000000)
  to   space 349184K, 0% used [0x0000000795600000,0x0000000795600000,0x00000007aab00000)
 ParOldGen       total 2097152K, used 2019178K [0x0000000700000000, 0x0000000780000000, 0x0000000780000000)
  object space 2097152K, 96% used [0x0000000700000000,0x000000077b3da880,0x0000000780000000)
 Metaspace       used 7615K, capacity 7838K, committed 8192K, reserved 1056768K
  class space    used 883K, capacity 925K, committed 1024K, reserved 1048576K

Card table byte_map: [0x00000001159f4000,0x0000000115ff5000] byte_map_base: 0x00000001121f4000

Marking Bits: (ParMarkBitMap*) 0x0000000105631330
 Begin Bits: [0x0000000116801000, 0x0000000119801000)
 End Bits:   [0x0000000119801000, 0x000000011c801000)

Polling page: 0x0000000105dd8000

CodeCache: size=245760Kb used=4330Kb max_used=4345Kb free=241429Kb
 bounds [0x0000000106634000, 0x0000000106a84000, 0x0000000115634000]
 total_blobs=1436 nmethods=1144 adapters=207
 compilation: enabled

Compilation events (10 events):
Event: 823.130 Thread 0x00007fe1b1838000 1165       4       java.util.ComparableTimSort::minRunLength (43 bytes)
Event: 823.131 Thread 0x00007fe1b1869000 1166       4       java.util.ComparableTimSort::mergeForceCollapse (50 bytes)
Event: 823.134 Thread 0x00007fe1b1869000 nmethod 1166 0x0000000106a64850 code [0x0000000106a649a0, 0x0000000106a64ae8]
Event: 823.136 Thread 0x00007fe1b1838000 nmethod 1165 0x0000000106a641d0 code [0x0000000106a64320, 0x0000000106a64378]
Event: 824.756 Thread 0x00007fe1b1881800 1167 %     3       edu.emory.mathcs.nlp.learn.model.StringModel::vectorize @ 100 (189 bytes)
Event: 824.779 Thread 0x00007fe1b1881800 nmethod 1167% 0x0000000106a6a950 code [0x0000000106a6ad20, 0x0000000106a6cc28]
Event: 825.090 Thread 0x00007fe1b1881800 1168       3       edu.emory.mathcs.nlp.learn.model.StringModel::vectorize (189 bytes)
Event: 825.094 Thread 0x00007fe1b1881800 nmethod 1168 0x0000000106a6ded0 code [0x0000000106a6e2a0, 0x0000000106a70128]
Event: 827.580 Thread 0x00007fe1b1869000 1169 %     4       edu.emory.mathcs.nlp.learn.model.StringModel::vectorize @ 100 (189 bytes)
Event: 827.696 Thread 0x00007fe1b1869000 nmethod 1169% 0x0000000106a737d0 code [0x0000000106a73a00, 0x0000000106a747b0]

GC Heap History (10 events):
Event: 636.739 GC heap after
Heap after GC invocations=46 (full 9):
 PSYoungGen      total 699392K, used 315232K [0x0000000780000000, 0x00000007c0000000, 0x00000007c0000000)
  eden space 350208K, 0% used [0x0000000780000000,0x0000000780000000,0x0000000795600000)
  from space 349184K, 90% used [0x0000000795600000,0x00000007a89d8000,0x00000007aab00000)
  to   space 349184K, 0% used [0x00000007aab00000,0x00000007aab00000,0x00000007c0000000)
 ParOldGen       total 1901056K, used 1628749K [0x0000000700000000, 0x0000000774080000, 0x0000000780000000)
  object space 1901056K, 85% used [0x0000000700000000,0x00000007636936c8,0x0000000774080000)
 Metaspace       used 7564K, capacity 7838K, committed 8192K, reserved 1056768K
  class space    used 877K, capacity 925K, committed 1024K, reserved 1048576K
}
Event: 668.436 GC heap before
{Heap before GC invocations=47 (full 9):
 PSYoungGen      total 699392K, used 665440K [0x0000000780000000, 0x00000007c0000000, 0x00000007c0000000)
  eden space 350208K, 100% used [0x0000000780000000,0x0000000795600000,0x0000000795600000)
  from space 349184K, 90% used [0x0000000795600000,0x00000007a89d8000,0x00000007aab00000)
  to   space 349184K, 0% used [0x00000007aab00000,0x00000007aab00000,0x00000007c0000000)
 ParOldGen       total 1901056K, used 1628749K [0x0000000700000000, 0x0000000774080000, 0x0000000780000000)
  object space 1901056K, 85% used [0x0000000700000000,0x00000007636936c8,0x0000000774080000)
 Metaspace       used 7564K, capacity 7838K, committed 8192K, reserved 1056768K
  class space    used 877K, capacity 925K, committed 1024K, reserved 1048576K
Event: 687.428 GC heap after
Heap after GC invocations=47 (full 9):
 PSYoungGen      total 699392K, used 250512K [0x0000000780000000, 0x00000007c0000000, 0x00000007c0000000)
  eden space 350208K, 0% used [0x0000000780000000,0x0000000780000000,0x0000000795600000)
  from space 349184K, 71% used [0x00000007aab00000,0x00000007b9fa4040,0x00000007c0000000)
  to   space 349184K, 0% used [0x0000000795600000,0x0000000795600000,0x00000007aab00000)
 ParOldGen       total 1901056K, used 1755093K [0x0000000700000000, 0x0000000774080000, 0x0000000780000000)
  object space 1901056K, 92% used [0x0000000700000000,0x000000076b1f56c8,0x0000000774080000)
 Metaspace       used 7564K, capacity 7838K, committed 8192K, reserved 1056768K
  class space    used 877K, capacity 925K, committed 1024K, reserved 1048576K
}
Event: 687.437 GC heap before
{Heap before GC invocations=48 (full 10):
 PSYoungGen      total 699392K, used 250512K [0x0000000780000000, 0x00000007c0000000, 0x00000007c0000000)
  eden space 350208K, 0% used [0x0000000780000000,0x0000000780000000,0x0000000795600000)
  from space 349184K, 71% used [0x00000007aab00000,0x00000007b9fa4040,0x00000007c0000000)
  to   space 349184K, 0% used [0x0000000795600000,0x0000000795600000,0x00000007aab00000)
 ParOldGen       total 1901056K, used 1755093K [0x0000000700000000, 0x0000000774080000, 0x0000000780000000)
  object space 1901056K, 92% used [0x0000000700000000,0x000000076b1f56c8,0x0000000774080000)
 Metaspace       used 7564K, capacity 7838K, committed 8192K, reserved 1056768K
  class space    used 877K, capacity 925K, committed 1024K, reserved 1048576K
Event: 805.898 GC heap after
Heap after GC invocations=48 (full 10):
 PSYoungGen      total 699392K, used 103380K [0x0000000780000000, 0x00000007c0000000, 0x00000007c0000000)
  eden space 350208K, 0% used [0x0000000780000000,0x0000000780000000,0x0000000795600000)
  from space 349184K, 29% used [0x00000007aab00000,0x00000007b0ff5190,0x00000007c0000000)
  to   space 349184K, 0% used [0x0000000795600000,0x0000000795600000,0x00000007aab00000)
 ParOldGen       total 2097152K, used 1900810K [0x0000000700000000, 0x0000000780000000, 0x0000000780000000)
  object space 2097152K, 90% used [0x0000000700000000,0x0000000774042880,0x0000000780000000)
 Metaspace       used 7564K, capacity 7838K, committed 8192K, reserved 1056768K
  class space    used 877K, capacity 925K, committed 1024K, reserved 1048576K
}
Event: 831.762 GC heap before
{Heap before GC invocations=49 (full 10):
 PSYoungGen      total 699392K, used 453588K [0x0000000780000000, 0x00000007c0000000, 0x00000007c0000000)
  eden space 350208K, 100% used [0x0000000780000000,0x0000000795600000,0x0000000795600000)
  from space 349184K, 29% used [0x00000007aab00000,0x00000007b0ff5190,0x00000007c0000000)
  to   space 349184K, 0% used [0x0000000795600000,0x0000000795600000,0x00000007aab00000)
 ParOldGen       total 2097152K, used 1900810K [0x0000000700000000, 0x0000000780000000, 0x0000000780000000)
  object space 2097152K, 90% used [0x0000000700000000,0x0000000774042880,0x0000000780000000)
 Metaspace       used 7615K, capacity 7838K, committed 8192K, reserved 1056768K
  class space    used 883K, capacity 925K, committed 1024K, reserved 1048576K
Event: 861.206 GC heap after
Heap after GC invocations=49 (full 10):
 PSYoungGen      total 699392K, used 274539K [0x0000000780000000, 0x00000007c0000000, 0x00000007c0000000)
  eden space 350208K, 0% used [0x0000000780000000,0x0000000780000000,0x0000000795600000)
  from space 349184K, 78% used [0x0000000795600000,0x00000007a621ac68,0x00000007aab00000)
  to   space 349184K, 0% used [0x00000007aab00000,0x00000007aab00000,0x00000007c0000000)
 ParOldGen       total 2097152K, used 1900818K [0x0000000700000000, 0x0000000780000000, 0x0000000780000000)
  object space 2097152K, 90% used [0x0000000700000000,0x0000000774044880,0x0000000780000000)
 Metaspace       used 7615K, capacity 7838K, committed 8192K, reserved 1056768K
  class space    used 883K, capacity 925K, committed 1024K, reserved 1048576K
}
Event: 884.022 GC heap before
{Heap before GC invocations=50 (full 10):
 PSYoungGen      total 699392K, used 624747K [0x0000000780000000, 0x00000007c0000000, 0x00000007c0000000)
  eden space 350208K, 100% used [0x0000000780000000,0x0000000795600000,0x0000000795600000)
  from space 349184K, 78% used [0x0000000795600000,0x00000007a621ac68,0x00000007aab00000)
  to   space 349184K, 0% used [0x00000007aab00000,0x00000007aab00000,0x00000007c0000000)
 ParOldGen       total 2097152K, used 1900818K [0x0000000700000000, 0x0000000780000000, 0x0000000780000000)
  object space 2097152K, 90% used [0x0000000700000000,0x0000000774044880,0x0000000780000000)
 Metaspace       used 7615K, capacity 7838K, committed 8192K, reserved 1056768K
  class space    used 883K, capacity 925K, committed 1024K, reserved 1048576K
Event: 896.585 GC heap after
Heap after GC invocations=50 (full 10):
 PSYoungGen      total 699392K, used 349176K [0x0000000780000000, 0x00000007c0000000, 0x00000007c0000000)
  eden space 350208K, 0% used [0x0000000780000000,0x0000000780000000,0x0000000795600000)
  from space 349184K, 99% used [0x00000007aab00000,0x00000007bfffe048,0x00000007c0000000)
  to   space 349184K, 0% used [0x0000000795600000,0x0000000795600000,0x00000007aab00000)
 ParOldGen       total 2097152K, used 2019178K [0x0000000700000000, 0x0000000780000000, 0x0000000780000000)
  object space 2097152K, 96% used [0x0000000700000000,0x000000077b3da880,0x0000000780000000)
 Metaspace       used 7615K, capacity 7838K, committed 8192K, reserved 1056768K
  class space    used 883K, capacity 925K, committed 1024K, reserved 1048576K
}
Event: 896.585 GC heap before
{Heap before GC invocations=51 (full 11):
 PSYoungGen      total 699392K, used 349176K [0x0000000780000000, 0x00000007c0000000, 0x00000007c0000000)
  eden space 350208K, 0% used [0x0000000780000000,0x0000000780000000,0x0000000795600000)
  from space 349184K, 99% used [0x00000007aab00000,0x00000007bfffe048,0x00000007c0000000)
  to   space 349184K, 0% used [0x0000000795600000,0x0000000795600000,0x00000007aab00000)
 ParOldGen       total 2097152K, used 2019178K [0x0000000700000000, 0x0000000780000000, 0x0000000780000000)
  object space 2097152K, 96% used [0x0000000700000000,0x000000077b3da880,0x0000000780000000)
 Metaspace       used 7615K, capacity 7838K, committed 8192K, reserved 1056768K
  class space    used 883K, capacity 925K, committed 1024K, reserved 1048576K

Deoptimization events (10 events):
Event: 46.456 Thread 0x00007fe1b100a000 Uncommon trap: reason=null_check action=make_not_entrant pc=0x00000001069d82e8 method=edu.emory.mathcs.nlp.component.pos.AmbiguityClassMap.get(Ledu/emory/mathcs/nlp/component/util/node/NLPNode;)Ljava/lang/String; @ 14
Event: 48.154 Thread 0x00007fe1b100a000 Uncommon trap: reason=null_check action=make_not_entrant pc=0x00000001069f1324 method=edu.emory.mathcs.nlp.component.pos.AmbiguityClassMap.get(Ledu/emory/mathcs/nlp/component/util/node/NLPNode;)Ljava/lang/String; @ 14
Event: 48.640 Thread 0x00007fe1b100a000 Uncommon trap: reason=array_check action=maybe_recompile pc=0x0000000106a0f664 method=java.util.stream.Nodes$FixedNodeBuilder.accept(Ljava/lang/Object;)V @ 28
Event: 48.640 Thread 0x00007fe1b100a000 Uncommon trap: reason=array_check action=maybe_recompile pc=0x0000000106a0f664 method=java.util.stream.Nodes$FixedNodeBuilder.accept(Ljava/lang/Object;)V @ 28
Event: 48.640 Thread 0x00007fe1b100a000 Uncommon trap: reason=array_check action=maybe_recompile pc=0x0000000106a0f664 method=java.util.stream.Nodes$FixedNodeBuilder.accept(Ljava/lang/Object;)V @ 28
Event: 48.640 Thread 0x00007fe1b100a000 Uncommon trap: reason=array_check action=maybe_recompile pc=0x0000000106a0f664 method=java.util.stream.Nodes$FixedNodeBuilder.accept(Ljava/lang/Object;)V @ 28
Event: 64.136 Thread 0x00007fe1b100a000 Uncommon trap: reason=class_check action=maybe_recompile pc=0x0000000106a330f4 method=java.util.stream.AbstractPipeline.wrapAndCopyInto(Ljava/util/stream/Sink;Ljava/util/Spliterator;)Ljava/util/stream/Sink; @ 6
Event: 64.136 Thread 0x00007fe1b100a000 Uncommon trap: reason=class_check action=maybe_recompile pc=0x0000000106a330f4 method=java.util.stream.AbstractPipeline.wrapAndCopyInto(Ljava/util/stream/Sink;Ljava/util/Spliterator;)Ljava/util/stream/Sink; @ 6
Event: 64.136 Thread 0x00007fe1b100a000 Uncommon trap: reason=class_check action=maybe_recompile pc=0x0000000106a330f4 method=java.util.stream.AbstractPipeline.wrapAndCopyInto(Ljava/util/stream/Sink;Ljava/util/Spliterator;)Ljava/util/stream/Sink; @ 6
Event: 64.137 Thread 0x00007fe1b100a000 Uncommon trap: reason=class_check action=maybe_recompile pc=0x0000000106a330f4 method=java.util.stream.AbstractPipeline.wrapAndCopyInto(Ljava/util/stream/Sink;Ljava/util/Spliterator;)Ljava/util/stream/Sink; @ 6

Internal exceptions (10 events):
Event: 46.456 Thread 0x00007fe1b100a000 Implicit null exception at 0x00000001069d78ef to 0x00000001069d82dd
Event: 48.154 Thread 0x00007fe1b100a000 Implicit null exception at 0x00000001069efeeb to 0x00000001069f1319
Event: 809.905 Thread 0x00007fe1b100a000 Exception <a 'java/security/PrivilegedActionException'> (0x0000000781f61fc0) thrown at [/HUDSON3/workspace/8-2-build-macosx-x86_64/jdk8u20/1074/hotspot/src/share/vm/prims/jvm.cpp, line 1275]
Event: 810.032 Thread 0x00007fe1b100a000 Exception <a 'java/security/PrivilegedActionException'> (0x0000000781f6b4c0) thrown at [/HUDSON3/workspace/8-2-build-macosx-x86_64/jdk8u20/1074/hotspot/src/share/vm/prims/jvm.cpp, line 1275]
Event: 810.071 Thread 0x00007fe1b100a000 Exception <a 'java/security/PrivilegedActionException'> (0x0000000781f72e40) thrown at [/HUDSON3/workspace/8-2-build-macosx-x86_64/jdk8u20/1074/hotspot/src/share/vm/prims/jvm.cpp, line 1275]
Event: 810.078 Thread 0x00007fe1b100a000 Exception <a 'java/security/PrivilegedActionException'> (0x0000000781f7b670) thrown at [/HUDSON3/workspace/8-2-build-macosx-x86_64/jdk8u20/1074/hotspot/src/share/vm/prims/jvm.cpp, line 1275]
Event: 810.084 Thread 0x00007fe1b100a000 Exception <a 'java/security/PrivilegedActionException'> (0x0000000781f81280) thrown at [/HUDSON3/workspace/8-2-build-macosx-x86_64/jdk8u20/1074/hotspot/src/share/vm/prims/jvm.cpp, line 1275]
Event: 818.954 Thread 0x00007fe1b100a000 Exception <a 'java/security/PrivilegedActionException'> (0x0000000784f630f8) thrown at [/HUDSON3/workspace/8-2-build-macosx-x86_64/jdk8u20/1074/hotspot/src/share/vm/prims/jvm.cpp, line 1275]
Event: 818.974 Thread 0x00007fe1b100a000 Exception <a 'java/security/PrivilegedActionException'> (0x0000000784f67838) thrown at [/HUDSON3/workspace/8-2-build-macosx-x86_64/jdk8u20/1074/hotspot/src/share/vm/prims/jvm.cpp, line 1275]
Event: 818.979 Thread 0x00007fe1b100a000 Exception <a 'java/security/PrivilegedActionException'> (0x0000000784f6c378) thrown at [/HUDSON3/workspace/8-2-build-macosx-x86_64/jdk8u20/1074/hotspot/src/share/vm/prims/jvm.cpp, line 1275]

Events (10 events):
Event: 828.143 Thread 0x00007fe1b100a000 DEOPT UNPACKING pc=0x000000010667b373 sp=0x0000000105dc7238 mode 0
Event: 831.762 Executing VM operation: ParallelGCFailedAllocation
Event: 861.207 Executing VM operation: ParallelGCFailedAllocation done
Event: 861.231 Executing VM operation: RevokeBias
Event: 861.237 Executing VM operation: RevokeBias done
Event: 861.237 Executing VM operation: RevokeBias
Event: 861.237 Executing VM operation: RevokeBias done
Event: 861.237 Executing VM operation: RevokeBias
Event: 861.237 Executing VM operation: RevokeBias done
Event: 884.017 Executing VM operation: ParallelGCFailedAllocation


Dynamic libraries:
0x000000000c2f9000 	/System/Library/Frameworks/Cocoa.framework/Versions/A/Cocoa
0x000000000c2f9000 	/System/Library/Frameworks/Security.framework/Versions/A/Security
0x000000000c2f9000 	/System/Library/Frameworks/ApplicationServices.framework/Versions/A/ApplicationServices
0x000000000c2f9000 	/usr/lib/libz.1.dylib
0x000000000c2f9000 	/usr/lib/libSystem.B.dylib
0x000000000c2f9000 	/usr/lib/libobjc.A.dylib
0x000000000c2f9000 	/System/Library/Frameworks/CoreFoundation.framework/Versions/A/CoreFoundation
0x000000000c2f9000 	/System/Library/Frameworks/Foundation.framework/Versions/C/Foundation
0x000000000c2f9000 	/System/Library/Frameworks/AppKit.framework/Versions/C/AppKit
0x000000000c2f9000 	/System/Library/Frameworks/CoreData.framework/Versions/A/CoreData
0x000000000c2f9000 	/System/Library/PrivateFrameworks/RemoteViewServices.framework/Versions/A/RemoteViewServices
0x000000000c2f9000 	/System/Library/PrivateFrameworks/UIFoundation.framework/Versions/A/UIFoundation
0x000000000c2f9000 	/System/Library/Frameworks/IOSurface.framework/Versions/A/IOSurface
0x000000000c2f9000 	/System/Library/Frameworks/AudioToolbox.framework/Versions/A/AudioToolbox
0x000000000c2f9000 	/System/Library/Frameworks/AudioUnit.framework/Versions/A/AudioUnit
0x000000000c2f9000 	/System/Library/PrivateFrameworks/DataDetectorsCore.framework/Versions/A/DataDetectorsCore
0x000000000c2f9000 	/System/Library/PrivateFrameworks/DesktopServicesPriv.framework/Versions/A/DesktopServicesPriv
0x000000000c2f9000 	/System/Library/Frameworks/Carbon.framework/Versions/A/Frameworks/HIToolbox.framework/Versions/A/HIToolbox
0x000000000c2f9000 	/System/Library/Frameworks/QuartzCore.framework/Versions/A/QuartzCore
0x000000000c2f9000 	/System/Library/Frameworks/Carbon.framework/Versions/A/Frameworks/SpeechRecognition.framework/Versions/A/SpeechRecognition
0x000000000c2f9000 	/usr/lib/libauto.dylib
0x000000000c2f9000 	/usr/lib/libicucore.A.dylib
0x000000000c2f9000 	/usr/lib/libxml2.2.dylib
0x000000000c2f9000 	/System/Library/PrivateFrameworks/CoreUI.framework/Versions/A/CoreUI
0x000000000c2f9000 	/System/Library/Frameworks/CoreAudio.framework/Versions/A/CoreAudio
0x000000000c2f9000 	/System/Library/Frameworks/DiskArbitration.framework/Versions/A/DiskArbitration
0x000000000c2f9000 	/usr/lib/liblangid.dylib
0x000000000c2f9000 	/System/Library/PrivateFrameworks/MultitouchSupport.framework/Versions/A/MultitouchSupport
0x000000000c2f9000 	/System/Library/Frameworks/IOKit.framework/Versions/A/IOKit
0x000000000c2f9000 	/usr/lib/libDiagnosticMessagesClient.dylib
0x000000000c2f9000 	/System/Library/Frameworks/CoreServices.framework/Versions/A/CoreServices
0x000000000c2f9000 	/System/Library/PrivateFrameworks/PerformanceAnalysis.framework/Versions/A/PerformanceAnalysis
0x000000000c2f9000 	/System/Library/PrivateFrameworks/GenerationalStorage.framework/Versions/A/GenerationalStorage
0x000000000c2f9000 	/System/Library/Frameworks/OpenGL.framework/Versions/A/OpenGL
0x000000000c2f9000 	/System/Library/PrivateFrameworks/Sharing.framework/Versions/A/Sharing
0x000000000c2f9000 	/System/Library/Frameworks/CoreGraphics.framework/Versions/A/CoreGraphics
0x000000000c2f9000 	/System/Library/Frameworks/CoreText.framework/Versions/A/CoreText
0x000000000c2f9000 	/System/Library/Frameworks/ImageIO.framework/Versions/A/ImageIO
0x000000000c2f9000 	/usr/lib/libextension.dylib
0x000000000c2f9000 	/System/Library/PrivateFrameworks/Backup.framework/Versions/A/Backup
0x000000000c2f9000 	/usr/lib/libarchive.2.dylib
0x000000000c2f9000 	/System/Library/Frameworks/CFNetwork.framework/Versions/A/CFNetwork
0x000000000c2f9000 	/System/Library/Frameworks/SystemConfiguration.framework/Versions/A/SystemConfiguration
0x000000000c2f9000 	/usr/lib/libCRFSuite.dylib
0x000000000c2f9000 	/usr/lib/libc++.1.dylib
0x000000000c2f9000 	/usr/lib/libc++abi.dylib
0x000000000c2f9000 	/usr/lib/system/libcache.dylib
0x000000000c2f9000 	/usr/lib/system/libcommonCrypto.dylib
0x000000000c2f9000 	/usr/lib/system/libcompiler_rt.dylib
0x000000000c2f9000 	/usr/lib/system/libcopyfile.dylib
0x000000000c2f9000 	/usr/lib/system/libcorecrypto.dylib
0x000000000c2f9000 	/usr/lib/system/libdispatch.dylib
0x000000000c2f9000 	/usr/lib/system/libdyld.dylib
0x000000000c2f9000 	/usr/lib/system/libkeymgr.dylib
0x000000000c2f9000 	/usr/lib/system/liblaunch.dylib
0x000000000c2f9000 	/usr/lib/system/libmacho.dylib
0x000000000c2f9000 	/usr/lib/system/libquarantine.dylib
0x000000000c2f9000 	/usr/lib/system/libremovefile.dylib
0x000000000c2f9000 	/usr/lib/system/libsystem_asl.dylib
0x000000000c2f9000 	/usr/lib/system/libsystem_blocks.dylib
0x000000000c2f9000 	/usr/lib/system/libsystem_c.dylib
0x000000000c2f9000 	/usr/lib/system/libsystem_configuration.dylib
0x000000000c2f9000 	/usr/lib/system/libsystem_coreservices.dylib
0x000000000c2f9000 	/usr/lib/system/libsystem_coretls.dylib
0x000000000c2f9000 	/usr/lib/system/libsystem_dnssd.dylib
0x000000000c2f9000 	/usr/lib/system/libsystem_info.dylib
0x000000000c2f9000 	/usr/lib/system/libsystem_kernel.dylib
0x000000000c2f9000 	/usr/lib/system/libsystem_m.dylib
0x000000000c2f9000 	/usr/lib/system/libsystem_malloc.dylib
0x000000000c2f9000 	/usr/lib/system/libsystem_network.dylib
0x000000000c2f9000 	/usr/lib/system/libsystem_networkextension.dylib
0x000000000c2f9000 	/usr/lib/system/libsystem_notify.dylib
0x000000000c2f9000 	/usr/lib/system/libsystem_platform.dylib
0x000000000c2f9000 	/usr/lib/system/libsystem_pthread.dylib
0x000000000c2f9000 	/usr/lib/system/libsystem_sandbox.dylib
0x000000000c2f9000 	/usr/lib/system/libsystem_secinit.dylib
0x000000000c2f9000 	/usr/lib/system/libsystem_stats.dylib
0x000000000c2f9000 	/usr/lib/system/libsystem_trace.dylib
0x000000000c2f9000 	/usr/lib/system/libunc.dylib
0x000000000c2f9000 	/usr/lib/system/libunwind.dylib
0x000000000c2f9000 	/usr/lib/system/libxpc.dylib
0x000000000c2f9000 	/usr/lib/libbz2.1.0.dylib
0x000000000c2f9000 	/usr/lib/liblzma.5.dylib
0x000000000c2f9000 	/usr/lib/libbsm.0.dylib
0x000000000c2f9000 	/usr/lib/libsqlite3.dylib
0x000000000c2f9000 	/usr/lib/system/libkxld.dylib
0x000000000c2f9000 	/usr/lib/libxar.1.dylib
0x000000000c2f9000 	/usr/lib/libpam.2.dylib
0x000000000c2f9000 	/usr/lib/libOpenScriptingUtil.dylib
0x000000000c2f9000 	/System/Library/Frameworks/CoreServices.framework/Versions/A/Frameworks/FSEvents.framework/Versions/A/FSEvents
0x000000000c2f9000 	/System/Library/Frameworks/CoreServices.framework/Versions/A/Frameworks/CarbonCore.framework/Versions/A/CarbonCore
0x000000000c2f9000 	/System/Library/Frameworks/CoreServices.framework/Versions/A/Frameworks/Metadata.framework/Versions/A/Metadata
0x000000000c2f9000 	/System/Library/Frameworks/CoreServices.framework/Versions/A/Frameworks/OSServices.framework/Versions/A/OSServices
0x000000000c2f9000 	/System/Library/Frameworks/CoreServices.framework/Versions/A/Frameworks/SearchKit.framework/Versions/A/SearchKit
0x000000000c2f9000 	/System/Library/Frameworks/CoreServices.framework/Versions/A/Frameworks/AE.framework/Versions/A/AE
0x000000000c2f9000 	/System/Library/Frameworks/CoreServices.framework/Versions/A/Frameworks/LaunchServices.framework/Versions/A/LaunchServices
0x000000000c2f9000 	/System/Library/Frameworks/CoreServices.framework/Versions/A/Frameworks/DictionaryServices.framework/Versions/A/DictionaryServices
0x000000000c2f9000 	/System/Library/Frameworks/NetFS.framework/Versions/A/NetFS
0x000000000c2f9000 	/System/Library/PrivateFrameworks/NetAuth.framework/Versions/A/NetAuth
0x000000000c2f9000 	/System/Library/PrivateFrameworks/login.framework/Versions/A/Frameworks/loginsupport.framework/Versions/A/loginsupport
0x000000000c2f9000 	/System/Library/PrivateFrameworks/TCC.framework/Versions/A/TCC
0x000000000c2f9000 	/usr/lib/libmecabra.dylib
0x000000000c2f9000 	/System/Library/Frameworks/ApplicationServices.framework/Versions/A/Frameworks/ATS.framework/Versions/A/ATS
0x000000000c2f9000 	/System/Library/Frameworks/ApplicationServices.framework/Versions/A/Frameworks/ColorSync.framework/Versions/A/ColorSync
0x000000000c2f9000 	/System/Library/Frameworks/ApplicationServices.framework/Versions/A/Frameworks/HIServices.framework/Versions/A/HIServices
0x000000000c2f9000 	/System/Library/Frameworks/ApplicationServices.framework/Versions/A/Frameworks/LangAnalysis.framework/Versions/A/LangAnalysis
0x000000000c2f9000 	/System/Library/Frameworks/ApplicationServices.framework/Versions/A/Frameworks/PrintCore.framework/Versions/A/PrintCore
0x000000000c2f9000 	/System/Library/Frameworks/ApplicationServices.framework/Versions/A/Frameworks/QD.framework/Versions/A/QD
0x000000000c2f9000 	/System/Library/Frameworks/ApplicationServices.framework/Versions/A/Frameworks/SpeechSynthesis.framework/Versions/A/SpeechSynthesis
0x000000000c2f9000 	/System/Library/Frameworks/Accelerate.framework/Versions/A/Accelerate
0x000000000c2f9000 	/System/Library/Frameworks/Accelerate.framework/Versions/A/Frameworks/vImage.framework/Versions/A/vImage
0x000000000c2f9000 	/System/Library/Frameworks/Accelerate.framework/Versions/A/Frameworks/vecLib.framework/Versions/A/vecLib
0x000000000c2f9000 	/System/Library/Frameworks/Accelerate.framework/Versions/A/Frameworks/vecLib.framework/Versions/A/libvDSP.dylib
0x000000000c2f9000 	/System/Library/Frameworks/Accelerate.framework/Versions/A/Frameworks/vecLib.framework/Versions/A/libvMisc.dylib
0x000000000c2f9000 	/System/Library/Frameworks/Accelerate.framework/Versions/A/Frameworks/vecLib.framework/Versions/A/libLAPACK.dylib
0x000000000c2f9000 	/System/Library/Frameworks/Accelerate.framework/Versions/A/Frameworks/vecLib.framework/Versions/A/libBLAS.dylib
0x000000000c2f9000 	/System/Library/Frameworks/Accelerate.framework/Versions/A/Frameworks/vecLib.framework/Versions/A/libLinearAlgebra.dylib
0x000000000c2f9000 	/System/Library/Frameworks/ApplicationServices.framework/Versions/A/Frameworks/ATS.framework/Versions/A/Resources/libFontParser.dylib
0x000000000c2f9000 	/System/Library/Frameworks/ApplicationServices.framework/Versions/A/Frameworks/ATS.framework/Versions/A/Resources/libFontRegistry.dylib
0x000000000c2f9000 	/System/Library/PrivateFrameworks/AppleVPA.framework/Versions/A/AppleVPA
0x000000000c2f9000 	/System/Library/PrivateFrameworks/AppleJPEG.framework/Versions/A/AppleJPEG
0x000000000c2f9000 	/System/Library/Frameworks/ImageIO.framework/Versions/A/Resources/libJPEG.dylib
0x000000000c2f9000 	/System/Library/Frameworks/ImageIO.framework/Versions/A/Resources/libTIFF.dylib
0x000000000c2f9000 	/System/Library/Frameworks/ImageIO.framework/Versions/A/Resources/libPng.dylib
0x000000000c2f9000 	/System/Library/Frameworks/ImageIO.framework/Versions/A/Resources/libGIF.dylib
0x000000000c2f9000 	/System/Library/Frameworks/ImageIO.framework/Versions/A/Resources/libJP2.dylib
0x000000000c2f9000 	/System/Library/Frameworks/ImageIO.framework/Versions/A/Resources/libRadiance.dylib
0x000000000c2f9000 	/System/Library/Frameworks/CoreVideo.framework/Versions/A/CoreVideo
0x000000000c2f9000 	/System/Library/Frameworks/OpenGL.framework/Versions/A/Libraries/libGLU.dylib
0x000000000c2f9000 	/System/Library/Frameworks/OpenGL.framework/Versions/A/Libraries/libGFXShared.dylib
0x000000000c2f9000 	/System/Library/Frameworks/OpenGL.framework/Versions/A/Libraries/libGL.dylib
0x000000000c2f9000 	/System/Library/Frameworks/OpenGL.framework/Versions/A/Libraries/libGLImage.dylib
0x000000000c2f9000 	/System/Library/Frameworks/OpenGL.framework/Versions/A/Libraries/libCVMSPluginSupport.dylib
0x000000000c2f9000 	/System/Library/Frameworks/OpenGL.framework/Versions/A/Libraries/libCoreVMClient.dylib
0x000000000c2f9000 	/usr/lib/libcups.2.dylib
0x000000000c2f9000 	/System/Library/Frameworks/Kerberos.framework/Versions/A/Kerberos
0x000000000c2f9000 	/System/Library/Frameworks/GSS.framework/Versions/A/GSS
0x000000000c2f9000 	/usr/lib/libresolv.9.dylib
0x000000000c2f9000 	/usr/lib/libiconv.2.dylib
0x000000000c2f9000 	/System/Library/PrivateFrameworks/Heimdal.framework/Versions/A/Heimdal
0x000000000c2f9000 	/usr/lib/libheimdal-asn1.dylib
0x000000000c2f9000 	/System/Library/Frameworks/OpenDirectory.framework/Versions/A/OpenDirectory
0x000000000c2f9000 	/System/Library/PrivateFrameworks/CommonAuth.framework/Versions/A/CommonAuth
0x000000000c2f9000 	/System/Library/Frameworks/OpenDirectory.framework/Versions/A/Frameworks/CFOpenDirectory.framework/Versions/A/CFOpenDirectory
0x000000000c2f9000 	/System/Library/Frameworks/SecurityFoundation.framework/Versions/A/SecurityFoundation
0x000000000c2f9000 	/System/Library/PrivateFrameworks/LanguageModeling.framework/Versions/A/LanguageModeling
0x000000000c2f9000 	/usr/lib/libcmph.dylib
0x000000000c2f9000 	/System/Library/Frameworks/ServiceManagement.framework/Versions/A/ServiceManagement
0x000000000c2f9000 	/usr/lib/libxslt.1.dylib
0x000000000c2f9000 	/System/Library/Frameworks/Carbon.framework/Versions/A/Frameworks/Ink.framework/Versions/A/Ink
0x000000000c2f9000 	/System/Library/Frameworks/QuartzCore.framework/Versions/A/Frameworks/CoreImage.framework/Versions/A/CoreImage
0x000000000c2f9000 	/System/Library/PrivateFrameworks/CrashReporterSupport.framework/Versions/A/CrashReporterSupport
0x000000000c2f9000 	/System/Library/Frameworks/OpenCL.framework/Versions/A/OpenCL
0x000000000c2f9000 	/System/Library/PrivateFrameworks/FaceCore.framework/Versions/A/FaceCore
0x000000000c2f9000 	/System/Library/PrivateFrameworks/Ubiquity.framework/Versions/A/Ubiquity
0x000000000c2f9000 	/System/Library/PrivateFrameworks/IconServices.framework/Versions/A/IconServices
0x000000000c2f9000 	/System/Library/PrivateFrameworks/ChunkingLibrary.framework/Versions/A/ChunkingLibrary
0x000000000c2f9000 	/System/Library/PrivateFrameworks/Apple80211.framework/Versions/A/Apple80211
0x000000000c2f9000 	/System/Library/Frameworks/CoreWLAN.framework/Versions/A/CoreWLAN
0x000000000c2f9000 	/System/Library/Frameworks/IOBluetooth.framework/Versions/A/IOBluetooth
0x000000000c2f9000 	/System/Library/PrivateFrameworks/CoreWiFi.framework/Versions/A/CoreWiFi
0x000000000c2f9000 	/System/Library/Frameworks/CoreBluetooth.framework/Versions/A/CoreBluetooth
0x000000000c2f9000 	/System/Library/PrivateFrameworks/DebugSymbols.framework/Versions/A/DebugSymbols
0x000000000c2f9000 	/System/Library/PrivateFrameworks/CoreSymbolication.framework/Versions/A/CoreSymbolication
0x000000000c2f9000 	/System/Library/PrivateFrameworks/Symbolication.framework/Versions/A/Symbolication
0x000000000c2f9000 	/System/Library/PrivateFrameworks/SpeechRecognitionCore.framework/Versions/A/SpeechRecognitionCore
0x0000000104d95000 	/Library/Java/JavaVirtualMachines/jdk1.8.0_20.jdk/Contents/Home/jre/lib/server/libjvm.dylib
0x000000000c2f9000 	/usr/lib/libstdc++.6.dylib
0x0000000105dca000 	/Library/Java/JavaVirtualMachines/jdk1.8.0_20.jdk/Contents/Home/jre/lib/libverify.dylib
0x0000000106600000 	/Library/Java/JavaVirtualMachines/jdk1.8.0_20.jdk/Contents/Home/jre/lib/libjava.dylib
0x0000000105de2000 	/Library/Java/JavaVirtualMachines/jdk1.8.0_20.jdk/Contents/Home/jre/lib/libzip.dylib
0x000000011ec11000 	/System/Library/Frameworks/JavaVM.framework/Frameworks/JavaRuntimeSupport.framework/JavaRuntimeSupport
0x000000011ec29000 	/System/Library/Frameworks/JavaVM.framework/Versions/A/Frameworks/JavaNativeFoundation.framework/Versions/A/JavaNativeFoundation
0x0000000105dec000 	/System/Library/Frameworks/JavaVM.framework/Versions/A/JavaVM
0x000000000c2f9000 	/System/Library/Frameworks/Carbon.framework/Versions/A/Carbon
0x000000011ec3e000 	/System/Library/PrivateFrameworks/JavaLaunching.framework/Versions/A/JavaLaunching
0x000000000c2f9000 	/System/Library/Frameworks/Carbon.framework/Versions/A/Frameworks/CommonPanels.framework/Versions/A/CommonPanels
0x000000000c2f9000 	/System/Library/Frameworks/Carbon.framework/Versions/A/Frameworks/Help.framework/Versions/A/Help
0x000000000c2f9000 	/System/Library/Frameworks/Carbon.framework/Versions/A/Frameworks/ImageCapture.framework/Versions/A/ImageCapture
0x000000000c2f9000 	/System/Library/Frameworks/Carbon.framework/Versions/A/Frameworks/OpenScripting.framework/Versions/A/OpenScripting
0x000000000c2f9000 	/System/Library/Frameworks/Carbon.framework/Versions/A/Frameworks/Print.framework/Versions/A/Print
0x000000000c2f9000 	/System/Library/Frameworks/Carbon.framework/Versions/A/Frameworks/SecurityHI.framework/Versions/A/SecurityHI

VM Arguments:
jvm_args: -Xmx3g -Dfile.encoding=UTF-8 
java_command: edu.emory.mathcs.nlp.bin.POSTrain -c src/main/resources/configuration/config_train_pos.xml -t wsj-pos/trn -d wsj-pos/dev -te pos -de pos
java_class_path (initial): /Users/meerahahn/Desktop/GitHub/cs571/target/test-classes:/Users/meerahahn/Desktop/GitHub/cs571/target/classes:/Users/meerahahn/.m2/repository/junit/junit/4.10/junit-4.10.jar:/Users/meerahahn/.m2/repository/org/hamcrest/hamcrest-core/1.1/hamcrest-core-1.1.jar:/Users/meerahahn/.m2/repository/edu/emory/mathcs/nlp/common/1.0.0-SNAPSHOT/common-1.0.0-SNAPSHOT.jar:/Users/meerahahn/.m2/repository/args4j/args4j/2.0.31/args4j-2.0.31.jar:/Users/meerahahn/.m2/repository/log4j/log4j/1.2.17/log4j-1.2.17.jar:/Users/meerahahn/.m2/repository/org/tukaani/xz/1.5/xz-1.5.jar:/Users/meerahahn/.m2/repository/it/unimi/dsi/fastutil/7.0.7/fastutil-7.0.7.jar:/Users/meerahahn/.m2/repository/org/magicwerk/brownies-collections/0.9.10/brownies-collections-0.9.10.jar
Launcher Type: SUN_STANDARD

Environment Variables:
PATH=/usr/bin:/bin:/usr/sbin:/sbin
SHELL=/bin/bash
DISPLAY=/private/tmp/com.apple.launchd.tDxBMlB8CH/org.macosforge.xquartz:0

Signal Handlers:
SIGSEGV: [libjvm.dylib+0x578fd7], sa_mask[0]=11111111011111110111111111111111, sa_flags=SA_ONSTACK|SA_RESTART|SA_SIGINFO
SIGBUS: [libjvm.dylib+0x578fd7], sa_mask[0]=11111111011111110111111111111111, sa_flags=SA_RESTART|SA_SIGINFO
SIGFPE: [libjvm.dylib+0x45ab0c], sa_mask[0]=11111111011111110111111111111111, sa_flags=SA_RESTART|SA_SIGINFO
SIGPIPE: [libjvm.dylib+0x45ab0c], sa_mask[0]=11111111011111110111111111111111, sa_flags=SA_RESTART|SA_SIGINFO
SIGXFSZ: [libjvm.dylib+0x45ab0c], sa_mask[0]=11111111011111110111111111111111, sa_flags=SA_RESTART|SA_SIGINFO
SIGILL: [libjvm.dylib+0x45ab0c], sa_mask[0]=11111111011111110111111111111111, sa_flags=SA_RESTART|SA_SIGINFO
SIGUSR1: SIG_DFL, sa_mask[0]=00000000000000000000000000000000, sa_flags=none
SIGUSR2: [libjvm.dylib+0x45a62a], sa_mask[0]=00100000000000000000000000000000, sa_flags=SA_RESTART|SA_SIGINFO
SIGHUP: [libjvm.dylib+0x458bfd], sa_mask[0]=11111111011111110111111111111111, sa_flags=SA_RESTART|SA_SIGINFO
SIGINT: [libjvm.dylib+0x458bfd], sa_mask[0]=11111111011111110111111111111111, sa_flags=SA_RESTART|SA_SIGINFO
SIGTERM: [libjvm.dylib+0x458bfd], sa_mask[0]=11111111011111110111111111111111, sa_flags=SA_RESTART|SA_SIGINFO
SIGQUIT: [libjvm.dylib+0x458bfd], sa_mask[0]=11111111011111110111111111111111, sa_flags=SA_RESTART|SA_SIGINFO


---------------  S Y S T E M  ---------------

OS:Bsduname:Darwin 14.5.0 Darwin Kernel Version 14.5.0: Wed Jul 29 02:26:53 PDT 2015; root:xnu-2782.40.9~1/RELEASE_X86_64 x86_64
rlimit: STACK 8192k, CORE 0k, NPROC 709, NOFILE 10240, AS infinity
load average:15.23 16.46 16.45

CPU:total 4 (2 cores per cpu, 2 threads per core) family 6 model 58 stepping 9, cmov, cx8, fxsr, mmx, sse, sse2, sse3, ssse3, sse4.1, sse4.2, popcnt, avx, aes, clmul, erms, ht, tsc, tscinvbit, tscinv

Memory: 4k page, physical 4194304k(27840k free)

/proc/meminfo:


vm_info: Java HotSpot(TM) 64-Bit Server VM (25.20-b23) for bsd-amd64 JRE (1.8.0_20-b26), built on Jul 30 2014 13:37:47 by "java_re" with gcc 4.2.1 (Based on Apple Inc. build 5658) (LLVM build 2336.9.00)

time: Mon Sep 21 14:25:35 2015
elapsed time: 931 seconds (0d 0h 15m 31s)

